<?xml version="1.0" encoding="UTF-8"?>
<!-- Generated by org.testng.reporters.JUnitReportReporter -->
<testsuite hostname="Anvit-PC" failures="0" tests="1" name="com.naukri.automation.NaukriUpdater.NaukriProfileUpdaterTest" time="23.649" errors="0" timestamp="2025-02-19T07:57:36 IST" skipped="0">
  <testcase classname="com.naukri.automation.NaukriUpdater.NaukriProfileUpdaterTest" name="testProfileUpdate" time="23.649"/>
  <system-out/>
</testsuite> <!-- com.naukri.automation.NaukriUpdater.NaukriProfileUpdaterTest -->
