<?xml version="1.0" encoding="UTF-8"?>
<!-- Generated by org.testng.reporters.JUnitReportReporter -->
<testsuite hostname="Anvit-PC" failures="0" tests="1" name="com.naukri.automation.NaukriUpdater.NaukriProfileUpdaterTest" time="20.279" errors="0" timestamp="2025-02-19T11:00:13 IST" skipped="0">
  <testcase classname="com.naukri.automation.NaukriUpdater.NaukriProfileUpdaterTest" name="testProfileUpdate" time="20.279"/>
  <system-out/>
</testsuite> <!-- com.naukri.automation.NaukriUpdater.NaukriProfileUpdaterTest -->
