<?xml version="1.0" encoding="UTF-8"?>
<!-- Generated by org.testng.reporters.JUnitReportReporter -->
<testsuite skipped="0" hostname="Anvit-PC" name="com.naukri.automation.NaukriUpdater.NaukriProfileUpdaterTest" tests="1" failures="0" timestamp="2025-02-19T08:40:38 IST" time="21.210" errors="0">
  <testcase name="testProfileUpdate" time="21.210" classname="com.naukri.automation.NaukriUpdater.NaukriProfileUpdaterTest"/>
  <system-out/>
</testsuite> <!-- com.naukri.automation.NaukriUpdater.NaukriProfileUpdaterTest -->
